0 silly argv {
0 silly argv   _: [ 'publish' ],
0 silly argv   private: false,
0 silly argv   composed: 'publish',
0 silly argv   lernaVersion: '7.1.5',
0 silly argv   '$0': '/Users/ganeshchandrareddypothireddy/personnel/getting-started-example/node_modules/.bin/lerna'
0 silly argv }
1 notice cli v7.1.5
2 verbose packageConfigs Resolving packages based on package.json "workspaces" configuration.
3 verbose rootPath /Users/ganeshchandrareddypothireddy/personnel/getting-started-example
4 error Error: The following projects are defined in multiple locations:
4 error - @pothireddy/footer:
4 error   - packages/header
4 error   - packages/footer
4 error
4 error To fix this, set a unique name for each project in a project.json inside the project's root. If the project does not currently have a project.json, you can create one that contains only a name.
4 error     at readProjectConfigurationsFromRootMap (/Users/ganeshchandrareddypothireddy/personnel/getting-started-example/node_modules/nx/src/project-graph/utils/project-configuration-utils.js:106:15)
4 error     at buildProjectsConfigurationsFromProjectPathsAndPlugins (/Users/ganeshchandrareddypothireddy/personnel/getting-started-example/node_modules/nx/src/project-graph/utils/project-configuration-utils.js:78:19)
4 error     at createProjectConfigurations (/Users/ganeshchandrareddypothireddy/personnel/getting-started-example/node_modules/nx/src/project-graph/utils/retrieve-workspace-files.js:142:129)
4 error     at /Users/ganeshchandrareddypothireddy/personnel/getting-started-example/node_modules/nx/src/project-graph/utils/retrieve-workspace-files.js:91:39
4 error     at _retrieveProjectConfigurations (/Users/ganeshchandrareddypothireddy/personnel/getting-started-example/node_modules/nx/src/project-graph/utils/retrieve-workspace-files.js:90:12)
4 error     at /Users/ganeshchandrareddypothireddy/personnel/getting-started-example/node_modules/nx/src/project-graph/utils/retrieve-workspace-files.js:61:16
4 error     at Generator.next (<anonymous>)
4 error     at fulfilled (/Users/ganeshchandrareddypothireddy/personnel/getting-started-example/node_modules/tslib/tslib.js:166:62)
